<?xml version="1.0" encoding="UTF-8"?>
<robot generator="Robot 7.0 (Python 3.12.3 on win32)" generated="2024-05-03T16:14:37.698941" rpa="false" schemaversion="5">
<suite id="s1" name="Tests" source="C:\kurssit\ohjelmistotuotanto\viikko2\osa3\login-robot\src\tests">
<suite id="s1-s1" name="Login" source="C:\kurssit\ohjelmistotuotanto\viikko2\osa3\login-robot\src\tests\login.robot">
<test id="s1-s1-t1" name="Login With Correct Credentials" line="6">
<kw name="Create User And Input Login Command" type="SETUP">
<kw name="Create User" owner="AppLibrary">
<arg>kalle</arg>
<arg>kalle123</arg>
<status status="PASS" start="2024-05-03T16:14:37.770940" elapsed="0.000000"/>
</kw>
<kw name="Input Login Command" owner="resource">
<kw name="Input" owner="AppLibrary">
<arg>login</arg>
<status status="PASS" start="2024-05-03T16:14:37.771940" elapsed="0.000000"/>
</kw>
<status status="PASS" start="2024-05-03T16:14:37.771940" elapsed="0.000000"/>
</kw>
<status status="PASS" start="2024-05-03T16:14:37.770940" elapsed="0.001000"/>
</kw>
<kw name="Input Credentials" owner="resource">
<kw name="Input" owner="AppLibrary">
<arg>${username}</arg>
<status status="PASS" start="2024-05-03T16:14:37.772939" elapsed="0.000000"/>
</kw>
<kw name="Input" owner="AppLibrary">
<arg>${password}</arg>
<status status="PASS" start="2024-05-03T16:14:37.772939" elapsed="0.000000"/>
</kw>
<kw name="Run Application" owner="AppLibrary">
<status status="PASS" start="2024-05-03T16:14:37.772939" elapsed="0.000000"/>
</kw>
<arg>kalle</arg>
<arg>kalle123</arg>
<status status="PASS" start="2024-05-03T16:14:37.771940" elapsed="0.000999"/>
</kw>
<kw name="Output Should Contain" owner="AppLibrary">
<arg>Logged in</arg>
<status status="PASS" start="2024-05-03T16:14:37.772939" elapsed="0.001000"/>
</kw>
<status status="PASS" start="2024-05-03T16:14:37.769939" elapsed="0.004000"/>
</test>
<test id="s1-s1-t2" name="Login With Incorrect Password" line="10">
<kw name="Create User And Input Login Command" type="SETUP">
<kw name="Create User" owner="AppLibrary">
<arg>kalle</arg>
<arg>kalle123</arg>
<status status="PASS" start="2024-05-03T16:14:37.774939" elapsed="0.000000"/>
</kw>
<kw name="Input Login Command" owner="resource">
<kw name="Input" owner="AppLibrary">
<arg>login</arg>
<status status="PASS" start="2024-05-03T16:14:37.775939" elapsed="0.000000"/>
</kw>
<status status="PASS" start="2024-05-03T16:14:37.774939" elapsed="0.001000"/>
</kw>
<status status="PASS" start="2024-05-03T16:14:37.774939" elapsed="0.001000"/>
</kw>
<kw name="Input Credentials" owner="resource">
<kw name="Input" owner="AppLibrary">
<arg>${username}</arg>
<status status="PASS" start="2024-05-03T16:14:37.775939" elapsed="0.001000"/>
</kw>
<kw name="Input" owner="AppLibrary">
<arg>${password}</arg>
<status status="PASS" start="2024-05-03T16:14:37.776939" elapsed="0.000000"/>
</kw>
<kw name="Run Application" owner="AppLibrary">
<status status="PASS" start="2024-05-03T16:14:37.776939" elapsed="0.000000"/>
</kw>
<arg>kalle</arg>
<arg>kalle</arg>
<status status="PASS" start="2024-05-03T16:14:37.775939" elapsed="0.001000"/>
</kw>
<kw name="Output Should Contain" owner="AppLibrary">
<arg>Invalid username or password</arg>
<status status="PASS" start="2024-05-03T16:14:37.776939" elapsed="0.000000"/>
</kw>
<status status="PASS" start="2024-05-03T16:14:37.773939" elapsed="0.003000"/>
</test>
<test id="s1-s1-t3" name="Login With Nonexistent Username" line="14">
<kw name="Create User And Input Login Command" type="SETUP">
<kw name="Create User" owner="AppLibrary">
<arg>kalle</arg>
<arg>kalle123</arg>
<status status="PASS" start="2024-05-03T16:14:37.778940" elapsed="0.000000"/>
</kw>
<kw name="Input Login Command" owner="resource">
<kw name="Input" owner="AppLibrary">
<arg>login</arg>
<status status="PASS" start="2024-05-03T16:14:37.778940" elapsed="0.000000"/>
</kw>
<status status="PASS" start="2024-05-03T16:14:37.778940" elapsed="0.000000"/>
</kw>
<status status="PASS" start="2024-05-03T16:14:37.777949" elapsed="0.000991"/>
</kw>
<kw name="Input Credentials" owner="resource">
<kw name="Input" owner="AppLibrary">
<arg>${username}</arg>
<status status="PASS" start="2024-05-03T16:14:37.779940" elapsed="0.000000"/>
</kw>
<kw name="Input" owner="AppLibrary">
<arg>${password}</arg>
<status status="PASS" start="2024-05-03T16:14:37.779940" elapsed="0.000000"/>
</kw>
<kw name="Run Application" owner="AppLibrary">
<status status="PASS" start="2024-05-03T16:14:37.779940" elapsed="0.000000"/>
</kw>
<arg>ka</arg>
<arg>kalle123</arg>
<status status="PASS" start="2024-05-03T16:14:37.779940" elapsed="0.000999"/>
</kw>
<kw name="Output Should Contain" owner="AppLibrary">
<arg>Invalid username or password</arg>
<status status="PASS" start="2024-05-03T16:14:37.780939" elapsed="0.000000"/>
</kw>
<status status="PASS" start="2024-05-03T16:14:37.777949" elapsed="0.002990"/>
</test>
<status status="PASS" start="2024-05-03T16:14:37.753940" elapsed="0.026999"/>
</suite>
<status status="PASS" start="2024-05-03T16:14:37.700941" elapsed="0.080999"/>
</suite>
<statistics>
<total>
<stat pass="3" fail="0" skip="0">All Tests</stat>
</total>
<tag>
</tag>
<suite>
<stat pass="3" fail="0" skip="0" id="s1" name="Tests">Tests</stat>
<stat pass="3" fail="0" skip="0" id="s1-s1" name="Login">Tests.Login</stat>
</suite>
</statistics>
<errors>
</errors>
</robot>
